[debug] [2025-07-07T08:43:19.218Z] ----------------------------------------------------------------------
[debug] [2025-07-07T08:43:19.220Z] Command:       /Users/nami/.volta/tools/image/node/18.20.8/bin/node /Users/nami/.volta/tools/image/packages/firebase-tools/bin/firebase emulators:start --only functions
[debug] [2025-07-07T08:43:19.220Z] CLI Version:   13.35.1
[debug] [2025-07-07T08:43:19.221Z] Platform:      darwin
[debug] [2025-07-07T08:43:19.221Z] Node Version:  v18.20.8
[debug] [2025-07-07T08:43:19.222Z] Time:          Mon Jul 07 2025 17:43:19 GMT+0900 (日本標準時)
[debug] [2025-07-07T08:43:19.222Z] ----------------------------------------------------------------------
[debug] 
[debug] [2025-07-07T08:43:19.533Z] > command requires scopes: ["email","openid","https://www.googleapis.com/auth/cloudplatformprojects.readonly","https://www.googleapis.com/auth/firebase","https://www.googleapis.com/auth/cloud-platform"]
[debug] [2025-07-07T08:43:19.534Z] > authorizing via signed-in user (namihojo@gmail.com)
[info] i  emulators: Starting emulators: functions {"metadata":{"emulator":{"name":"hub"},"message":"Starting emulators: functions"}}
[debug] [2025-07-07T08:43:20.216Z] [logging] Logging Emulator only supports listening on one address (127.0.0.1). Not listening on ::1
[debug] [2025-07-07T08:43:20.217Z] assigned listening specs for emulators {"user":{"hub":[{"address":"127.0.0.1","family":"IPv4","port":4400},{"address":"::1","family":"IPv6","port":4400}],"ui":[{"address":"127.0.0.1","family":"IPv4","port":4000},{"address":"::1","family":"IPv6","port":4000}],"logging":[{"address":"127.0.0.1","family":"IPv4","port":4500}]},"metadata":{"message":"assigned listening specs for emulators"}}
[debug] [2025-07-07T08:43:20.223Z] [hub] writing locator at /var/folders/10/2l9zp6394_x0j937dkqxl65c0000gn/T/hub-next-todo-pwa.json
[debug] [2025-07-07T08:43:20.913Z] [functions] Functions Emulator only supports listening on one address (127.0.0.1). Not listening on ::1
[debug] [2025-07-07T08:43:20.914Z] [eventarc] Eventarc Emulator only supports listening on one address (127.0.0.1). Not listening on ::1
[debug] [2025-07-07T08:43:20.914Z] [tasks] Cloud Tasks Emulator only supports listening on one address (127.0.0.1). Not listening on ::1
[debug] [2025-07-07T08:43:20.914Z] late-assigned ports for functions and eventarc emulators {"user":{"hub":[{"address":"127.0.0.1","family":"IPv4","port":4400},{"address":"::1","family":"IPv6","port":4400}],"ui":[{"address":"127.0.0.1","family":"IPv4","port":4000},{"address":"::1","family":"IPv6","port":4000}],"logging":[{"address":"127.0.0.1","family":"IPv4","port":4500}],"functions":[{"address":"127.0.0.1","family":"IPv4","port":5001}],"eventarc":[{"address":"127.0.0.1","family":"IPv4","port":9299}],"tasks":[{"address":"127.0.0.1","family":"IPv4","port":9499}]},"metadata":{"message":"late-assigned ports for functions and eventarc emulators"}}
[warn] ⚠  functions: The following emulators are not running, calls to these services from the Functions emulator will affect production: apphosting, auth, firestore, database, hosting, pubsub, storage, dataconnect {"metadata":{"emulator":{"name":"functions"},"message":"The following emulators are not running, calls to these services from the Functions emulator will affect production: \u001b[1mapphosting, auth, firestore, database, hosting, pubsub, storage, dataconnect\u001b[22m"}}
[debug] [2025-07-07T08:43:20.932Z] defaultcredentials: writing to file /Users/nami/.config/firebase/namihojo_gmail_com_application_default_credentials.json
[debug] [2025-07-07T08:43:20.945Z] Setting GAC to /Users/nami/.config/firebase/namihojo_gmail_com_application_default_credentials.json {"metadata":{"emulator":{"name":"functions"},"message":"Setting GAC to /Users/nami/.config/firebase/namihojo_gmail_com_application_default_credentials.json"}}
[debug] [2025-07-07T08:43:20.947Z] Checked if tokens are valid: true, expires at: 1751879839896
[debug] [2025-07-07T08:43:20.947Z] Checked if tokens are valid: true, expires at: 1751879839896
[debug] [2025-07-07T08:43:20.948Z] >>> [apiv2][query] GET https://firebase.googleapis.com/v1beta1/projects/next-todo-pwa/adminSdkConfig [none]
[debug] [2025-07-07T08:43:21.395Z] <<< [apiv2][status] GET https://firebase.googleapis.com/v1beta1/projects/next-todo-pwa/adminSdkConfig 200
[debug] [2025-07-07T08:43:21.396Z] <<< [apiv2][body] GET https://firebase.googleapis.com/v1beta1/projects/next-todo-pwa/adminSdkConfig {"projectId":"next-todo-pwa","storageBucket":"next-todo-pwa.firebasestorage.app"}
[info] i  functions: Watching "/Users/nami/Desktop/practice/udemy/next-todo-pwa/functions" for Cloud Functions... {"metadata":{"emulator":{"name":"functions"},"message":"Watching \"/Users/nami/Desktop/practice/udemy/next-todo-pwa/functions\" for Cloud Functions..."}}
[debug] [2025-07-07T08:43:21.473Z] Validating nodejs source
[debug] [2025-07-07T08:43:22.367Z] > [functions] package.json contents: {
  "name": "functions",
  "scripts": {
    "lint": "echo 'skip lint'",
    "build": "tsc",
    "build:watch": "tsc --watch",
    "serve": "npm run build && firebase emulators:start --only functions",
    "shell": "npm run build && firebase functions:shell",
    "start": "npm run shell",
    "deploy": "firebase deploy --only functions",
    "logs": "firebase functions:log"
  },
  "engines": {
    "node": "20"
  },
  "main": "lib/index.js",
  "dependencies": {
    "cors": "^2.8.5",
    "firebase-admin": "^12.6.0",
    "firebase-functions": "^6.0.1"
  },
  "devDependencies": {
    "@typescript-eslint/eslint-plugin": "^5.12.0",
    "@typescript-eslint/parser": "^5.12.0",
    "eslint": "^8.9.0",
    "eslint-config-google": "^0.14.0",
    "eslint-plugin-import": "^2.25.4",
    "firebase-functions-test": "^3.1.0",
    "typescript": "^4.9.0"
  },
  "private": true
}
[debug] [2025-07-07T08:43:22.367Z] Building nodejs source
[debug] [2025-07-07T08:43:22.368Z] Failed to find version of module node: reached end of search path /Users/nami/Desktop/practice/udemy/next-todo-pwa/functions/node_modules
[warn] ⚠  functions: Your requested "node" version "20" doesn't match your global version "18". Using node@18 from host. 
[debug] [2025-07-07T08:43:22.371Z] Could not find functions.yaml. Must use http discovery
[debug] [2025-07-07T08:43:22.381Z] Found firebase-functions binary at '/Users/nami/Desktop/practice/udemy/next-todo-pwa/functions/node_modules/.bin/firebase-functions'
[info] Serving at port 8186

[debug] [2025-07-07T08:43:22.946Z] Got response from /__/functions.yaml {"endpoints":{"addTodo":{"availableMemoryMb":null,"timeoutSeconds":null,"minInstances":null,"maxInstances":null,"ingressSettings":null,"concurrency":null,"serviceAccountEmail":null,"vpc":null,"platform":"gcfv2","labels":{},"httpsTrigger":{},"entryPoint":"addTodo"},"getTodo":{"availableMemoryMb":null,"timeoutSeconds":null,"minInstances":null,"maxInstances":null,"ingressSettings":null,"concurrency":null,"serviceAccountEmail":null,"vpc":null,"platform":"gcfv2","labels":{},"httpsTrigger":{},"entryPoint":"getTodo"},"deleteTodo":{"availableMemoryMb":null,"timeoutSeconds":null,"minInstances":null,"maxInstances":null,"ingressSettings":null,"concurrency":null,"serviceAccountEmail":null,"vpc":null,"platform":"gcfv2","labels":{},"httpsTrigger":{},"entryPoint":"deleteTodo"}},"specVersion":"v1alpha1","requiredAPIs":[],"extensions":{}}
[info] ✔  functions: Loaded functions definitions from source: addTodo, getTodo, deleteTodo. {"metadata":{"emulator":{"name":"functions"},"message":"Loaded functions definitions from source: addTodo, getTodo, deleteTodo."}}
[info] ✔  functions[us-central1-addTodo]: http function initialized (http://127.0.0.1:5001/next-todo-pwa/us-central1/addTodo). {"metadata":{"emulator":{"name":"functions"},"message":"\u001b[1mhttp\u001b[22m function initialized (http://127.0.0.1:5001/next-todo-pwa/us-central1/addTodo)."}}
[info] ✔  functions[us-central1-getTodo]: http function initialized (http://127.0.0.1:5001/next-todo-pwa/us-central1/getTodo). {"metadata":{"emulator":{"name":"functions"},"message":"\u001b[1mhttp\u001b[22m function initialized (http://127.0.0.1:5001/next-todo-pwa/us-central1/getTodo)."}}
[info] ✔  functions[us-central1-deleteTodo]: http function initialized (http://127.0.0.1:5001/next-todo-pwa/us-central1/deleteTodo). {"metadata":{"emulator":{"name":"functions"},"message":"\u001b[1mhttp\u001b[22m function initialized (http://127.0.0.1:5001/next-todo-pwa/us-central1/deleteTodo)."}}
[debug] [2025-07-07T08:43:23.008Z] Could not find VSCode notification endpoint: FetchError: request to http://localhost:40001/vscode/notify failed, reason: connect ECONNREFUSED ::1:40001. If you are not running the Firebase Data Connect VSCode extension, this is expected and not an issue.
[info] 
┌─────────────────────────────────────────────────────────────┐
│ ✔  All emulators ready! It is now safe to connect your app. │
│ i  View Emulator UI at http://127.0.0.1:4000/               │
└─────────────────────────────────────────────────────────────┘

┌───────────┬────────────────┬─────────────────────────────────┐
│ Emulator  │ Host:Port      │ View in Emulator UI             │
├───────────┼────────────────┼─────────────────────────────────┤
│ Functions │ 127.0.0.1:5001 │ http://127.0.0.1:4000/functions │
└───────────┴────────────────┴─────────────────────────────────┘
  Emulator Hub host: 127.0.0.1 port: 4400
  Other reserved ports: 4500

Issues? Report them at https://github.com/firebase/firebase-tools/issues and attach the *-debug.log files.
 
[debug] [2025-07-07T08:43:50.600Z] [work-queue] {"queuedWork":["/next-todo-pwa/us-central1/getTodo-2025-07-07T08:43:50.599Z"],"queueLength":1,"runningWork":[],"workRunningCount":0}
[debug] [2025-07-07T08:43:50.600Z] [work-queue] {"queuedWork":[],"queueLength":0,"runningWork":["/next-todo-pwa/us-central1/getTodo-2025-07-07T08:43:50.599Z"],"workRunningCount":1}
[debug] [2025-07-07T08:43:50.600Z] Accepted request OPTIONS /next-todo-pwa/us-central1/getTodo --> us-central1-getTodo
[debug] [2025-07-07T08:43:50.605Z] [functions] Runtime ready! Sending request! {"metadata":{"emulator":{"name":"functions"},"message":"[functions] Runtime ready! Sending request!"}}
[debug] [2025-07-07T08:43:50.605Z] [functions] Got req.url=/next-todo-pwa/us-central1/getTodo, mapping to path=/ {"metadata":{"emulator":{"name":"functions"},"message":"[functions] Got req.url=/next-todo-pwa/us-central1/getTodo, mapping to path=/"}}
[debug] [2025-07-07T08:43:50.614Z] [worker-pool] addWorker(us-central1-getTodo) {"metadata":{"emulator":{"name":"functions"},"message":"[worker-pool] addWorker(us-central1-getTodo)"}}
[debug] [2025-07-07T08:43:50.614Z] [worker-pool] Adding worker with key us-central1-getTodo, total=1 {"metadata":{"emulator":{"name":"functions"},"message":"[worker-pool] Adding worker with key us-central1-getTodo, total=1"}}
[debug] [2025-07-07T08:43:52.229Z] [runtime-status] [56474] Resolved module firebase-admin {"declared":true,"installed":true,"version":"12.7.0","resolution":"/Users/nami/Desktop/practice/udemy/next-todo-pwa/functions/node_modules/firebase-admin/lib/index.js"} {"metadata":{"emulator":{"name":"functions"},"function":{"name":"us-central1-getTodo"},"extension":{},"message":"[runtime-status] [56474] Resolved module firebase-admin {\"declared\":true,\"installed\":true,\"version\":\"12.7.0\",\"resolution\":\"/Users/nami/Desktop/practice/udemy/next-todo-pwa/functions/node_modules/firebase-admin/lib/index.js\"}"}}
[debug] [2025-07-07T08:43:52.230Z] [runtime-status] [56474] Resolved module firebase-functions {"declared":true,"installed":true,"version":"6.3.2","resolution":"/Users/nami/Desktop/practice/udemy/next-todo-pwa/functions/node_modules/firebase-functions/lib/v2/index.js"} {"metadata":{"emulator":{"name":"functions"},"function":{"name":"us-central1-getTodo"},"extension":{},"message":"[runtime-status] [56474] Resolved module firebase-functions {\"declared\":true,\"installed\":true,\"version\":\"6.3.2\",\"resolution\":\"/Users/nami/Desktop/practice/udemy/next-todo-pwa/functions/node_modules/firebase-functions/lib/v2/index.js\"}"}}
[debug] [2025-07-07T08:43:52.230Z] [runtime-status] [56474] Outgoing network have been stubbed. [{"name":"http","status":"mocked"},{"name":"http","status":"mocked"},{"name":"https","status":"mocked"},{"name":"https","status":"mocked"},{"name":"net","status":"mocked"}] {"metadata":{"emulator":{"name":"functions"},"function":{"name":"us-central1-getTodo"},"extension":{},"message":"[runtime-status] [56474] Outgoing network have been stubbed. [{\"name\":\"http\",\"status\":\"mocked\"},{\"name\":\"http\",\"status\":\"mocked\"},{\"name\":\"https\",\"status\":\"mocked\"},{\"name\":\"https\",\"status\":\"mocked\"},{\"name\":\"net\",\"status\":\"mocked\"}]"}}
[debug] [2025-07-07T08:43:52.231Z] [runtime-status] [56474] Resolved module firebase-functions {"declared":true,"installed":true,"version":"6.3.2","resolution":"/Users/nami/Desktop/practice/udemy/next-todo-pwa/functions/node_modules/firebase-functions/lib/v2/index.js"} {"metadata":{"emulator":{"name":"functions"},"function":{"name":"us-central1-getTodo"},"extension":{},"message":"[runtime-status] [56474] Resolved module firebase-functions {\"declared\":true,\"installed\":true,\"version\":\"6.3.2\",\"resolution\":\"/Users/nami/Desktop/practice/udemy/next-todo-pwa/functions/node_modules/firebase-functions/lib/v2/index.js\"}"}}
[debug] [2025-07-07T08:43:52.475Z] [runtime-status] [56474] Checked functions.config() {"config":{}} {"metadata":{"emulator":{"name":"functions"},"function":{"name":"us-central1-getTodo"},"extension":{},"message":"[runtime-status] [56474] Checked functions.config() {\"config\":{}}"}}
[debug] [2025-07-07T08:43:52.476Z] [runtime-status] [56474] firebase-functions has been stubbed. {"functionsResolution":{"declared":true,"installed":true,"version":"6.3.2","resolution":"/Users/nami/Desktop/practice/udemy/next-todo-pwa/functions/node_modules/firebase-functions/lib/v2/index.js"}} {"metadata":{"emulator":{"name":"functions"},"function":{"name":"us-central1-getTodo"},"extension":{},"message":"[runtime-status] [56474] firebase-functions has been stubbed. {\"functionsResolution\":{\"declared\":true,\"installed\":true,\"version\":\"6.3.2\",\"resolution\":\"/Users/nami/Desktop/practice/udemy/next-todo-pwa/functions/node_modules/firebase-functions/lib/v2/index.js\"}}"}}
[debug] [2025-07-07T08:43:52.476Z] [runtime-status] [56474] Resolved module firebase-functions {"declared":true,"installed":true,"version":"6.3.2","resolution":"/Users/nami/Desktop/practice/udemy/next-todo-pwa/functions/node_modules/firebase-functions/lib/v2/index.js"} {"metadata":{"emulator":{"name":"functions"},"function":{"name":"us-central1-getTodo"},"extension":{},"message":"[runtime-status] [56474] Resolved module firebase-functions {\"declared\":true,\"installed\":true,\"version\":\"6.3.2\",\"resolution\":\"/Users/nami/Desktop/practice/udemy/next-todo-pwa/functions/node_modules/firebase-functions/lib/v2/index.js\"}"}}
[debug] [2025-07-07T08:43:52.481Z] [runtime-status] [56474] Resolved module firebase-admin {"declared":true,"installed":true,"version":"12.7.0","resolution":"/Users/nami/Desktop/practice/udemy/next-todo-pwa/functions/node_modules/firebase-admin/lib/index.js"} {"metadata":{"emulator":{"name":"functions"},"function":{"name":"us-central1-getTodo"},"extension":{},"message":"[runtime-status] [56474] Resolved module firebase-admin {\"declared\":true,\"installed\":true,\"version\":\"12.7.0\",\"resolution\":\"/Users/nami/Desktop/practice/udemy/next-todo-pwa/functions/node_modules/firebase-admin/lib/index.js\"}"}}
[debug] [2025-07-07T08:43:52.484Z] [runtime-status] [56474] Resolved module firebase-functions {"declared":true,"installed":true,"version":"6.3.2","resolution":"/Users/nami/Desktop/practice/udemy/next-todo-pwa/functions/node_modules/firebase-functions/lib/v2/index.js"} {"metadata":{"emulator":{"name":"functions"},"function":{"name":"us-central1-getTodo"},"extension":{},"message":"[runtime-status] [56474] Resolved module firebase-functions {\"declared\":true,\"installed\":true,\"version\":\"6.3.2\",\"resolution\":\"/Users/nami/Desktop/practice/udemy/next-todo-pwa/functions/node_modules/firebase-functions/lib/v2/index.js\"}"}}
[debug] [2025-07-07T08:43:52.484Z] [runtime-status] [56474] firebase-admin has been stubbed. {"adminResolution":{"declared":true,"installed":true,"version":"12.7.0","resolution":"/Users/nami/Desktop/practice/udemy/next-todo-pwa/functions/node_modules/firebase-admin/lib/index.js"}} {"metadata":{"emulator":{"name":"functions"},"function":{"name":"us-central1-getTodo"},"extension":{},"message":"[runtime-status] [56474] firebase-admin has been stubbed. {\"adminResolution\":{\"declared\":true,\"installed\":true,\"version\":\"12.7.0\",\"resolution\":\"/Users/nami/Desktop/practice/udemy/next-todo-pwa/functions/node_modules/firebase-admin/lib/index.js\"}}"}}
[debug] [2025-07-07T08:43:52.495Z] [runtime-status] [56474] Functions runtime initialized. {"cwd":"/Users/nami/Desktop/practice/udemy/next-todo-pwa/functions","node_version":"18.20.8"} {"metadata":{"emulator":{"name":"functions"},"function":{"name":"us-central1-getTodo"},"extension":{},"message":"[runtime-status] [56474] Functions runtime initialized. {\"cwd\":\"/Users/nami/Desktop/practice/udemy/next-todo-pwa/functions\",\"node_version\":\"18.20.8\"}"}}
[debug] [2025-07-07T08:43:52.496Z] [runtime-status] [56474] Listening to port: /var/folders/10/2l9zp6394_x0j937dkqxl65c0000gn/T/fire_emu_9f95339cf521ffa3.sock {"metadata":{"emulator":{"name":"functions"},"function":{"name":"us-central1-getTodo"},"extension":{},"message":"[runtime-status] [56474] Listening to port: /var/folders/10/2l9zp6394_x0j937dkqxl65c0000gn/T/fire_emu_9f95339cf521ffa3.sock"}}
[debug] [2025-07-07T08:43:52.548Z] [worker-us-central1-getTodo-660bf60c-ee2c-4007-91a3-7e02a74ca0fa]: IDLE {"metadata":{"emulator":{"name":"functions"},"function":{"name":"us-central1-getTodo"},"extension":{},"message":"[worker-us-central1-getTodo-660bf60c-ee2c-4007-91a3-7e02a74ca0fa]: IDLE"}}
[debug] [2025-07-07T08:43:52.548Z] [worker-pool] submitRequest(triggerId=us-central1-getTodo) {"metadata":{"emulator":{"name":"functions"},"message":"[worker-pool] submitRequest(triggerId=us-central1-getTodo)"}}
[info] i  functions: Beginning execution of "us-central1-getTodo" {"metadata":{"emulator":{"name":"functions"},"function":{"name":"us-central1-getTodo"},"extension":{},"message":"Beginning execution of \"us-central1-getTodo\""}}
[debug] [2025-07-07T08:43:52.549Z] [worker-us-central1-getTodo-660bf60c-ee2c-4007-91a3-7e02a74ca0fa]: BUSY {"metadata":{"emulator":{"name":"functions"},"function":{"name":"us-central1-getTodo"},"extension":{},"message":"[worker-us-central1-getTodo-660bf60c-ee2c-4007-91a3-7e02a74ca0fa]: BUSY"}}
[debug] [2025-07-07T08:43:52.553Z] Finishing up request with event=pause {"metadata":{"emulator":{"name":"functions"},"function":{"name":"us-central1-getTodo"},"extension":{},"message":"Finishing up request with event=pause"}}
[info] i  functions: Finished "us-central1-getTodo" in 4.65945ms {"metadata":{"emulator":{"name":"functions"},"function":{"name":"us-central1-getTodo"},"extension":{},"message":"Finished \"us-central1-getTodo\" in 4.65945ms"}}
[debug] [2025-07-07T08:43:52.554Z] [worker-us-central1-getTodo-660bf60c-ee2c-4007-91a3-7e02a74ca0fa]: IDLE {"metadata":{"emulator":{"name":"functions"},"function":{"name":"us-central1-getTodo"},"extension":{},"message":"[worker-us-central1-getTodo-660bf60c-ee2c-4007-91a3-7e02a74ca0fa]: IDLE"}}
[debug] [2025-07-07T08:43:52.554Z] Finishing up request with event=finish {"metadata":{"emulator":{"name":"functions"},"function":{"name":"us-central1-getTodo"},"extension":{},"message":"Finishing up request with event=finish"}}
[debug] [2025-07-07T08:43:52.555Z] Finishing up request with event=close {"metadata":{"emulator":{"name":"functions"},"function":{"name":"us-central1-getTodo"},"extension":{},"message":"Finishing up request with event=close"}}
[debug] [2025-07-07T08:43:52.555Z] [work-queue] {"queuedWork":[],"queueLength":0,"runningWork":[],"workRunningCount":0}
[debug] [2025-07-07T08:43:52.556Z] [work-queue] {"queuedWork":["/next-todo-pwa/us-central1/getTodo-2025-07-07T08:43:52.556Z"],"queueLength":1,"runningWork":[],"workRunningCount":0}
[debug] [2025-07-07T08:43:52.556Z] [work-queue] {"queuedWork":[],"queueLength":0,"runningWork":["/next-todo-pwa/us-central1/getTodo-2025-07-07T08:43:52.556Z"],"workRunningCount":1}
[debug] [2025-07-07T08:43:52.556Z] Accepted request POST /next-todo-pwa/us-central1/getTodo --> us-central1-getTodo
[debug] [2025-07-07T08:43:52.558Z] [functions] Runtime ready! Sending request! {"metadata":{"emulator":{"name":"functions"},"message":"[functions] Runtime ready! Sending request!"}}
[debug] [2025-07-07T08:43:52.559Z] [functions] Got req.url=/next-todo-pwa/us-central1/getTodo, mapping to path=/ {"metadata":{"emulator":{"name":"functions"},"message":"[functions] Got req.url=/next-todo-pwa/us-central1/getTodo, mapping to path=/"}}
[debug] [2025-07-07T08:43:52.559Z] [worker-pool] submitRequest(triggerId=us-central1-getTodo) {"metadata":{"emulator":{"name":"functions"},"message":"[worker-pool] submitRequest(triggerId=us-central1-getTodo)"}}
[info] i  functions: Beginning execution of "us-central1-getTodo" {"metadata":{"emulator":{"name":"functions"},"function":{"name":"us-central1-getTodo"},"extension":{},"message":"Beginning execution of \"us-central1-getTodo\""}}
[debug] [2025-07-07T08:43:52.559Z] [worker-us-central1-getTodo-660bf60c-ee2c-4007-91a3-7e02a74ca0fa]: BUSY {"metadata":{"emulator":{"name":"functions"},"function":{"name":"us-central1-getTodo"},"extension":{},"message":"[worker-us-central1-getTodo-660bf60c-ee2c-4007-91a3-7e02a74ca0fa]: BUSY"}}
[warn] ⚠  Google API requested!
   - URL: "https://oauth2.googleapis.com/token"
   - Be careful, this may be a production service. {"metadata":{"emulator":{"name":"functions"},"function":{"name":"us-central1-getTodo"},"extension":{},"message":"Google API requested!\n   - URL: \"https://oauth2.googleapis.com/token\"\n   - Be careful, this may be a production service."}}
[debug] [2025-07-07T08:43:53.606Z] Finishing up request with event=pause {"metadata":{"emulator":{"name":"functions"},"function":{"name":"us-central1-getTodo"},"extension":{},"message":"Finishing up request with event=pause"}}
[info] i  functions: Finished "us-central1-getTodo" in 1047.738121ms {"metadata":{"emulator":{"name":"functions"},"function":{"name":"us-central1-getTodo"},"extension":{},"message":"Finished \"us-central1-getTodo\" in 1047.738121ms"}}
[debug] [2025-07-07T08:43:53.607Z] [worker-us-central1-getTodo-660bf60c-ee2c-4007-91a3-7e02a74ca0fa]: IDLE {"metadata":{"emulator":{"name":"functions"},"function":{"name":"us-central1-getTodo"},"extension":{},"message":"[worker-us-central1-getTodo-660bf60c-ee2c-4007-91a3-7e02a74ca0fa]: IDLE"}}
[debug] [2025-07-07T08:43:53.609Z] Finishing up request with event=finish {"metadata":{"emulator":{"name":"functions"},"function":{"name":"us-central1-getTodo"},"extension":{},"message":"Finishing up request with event=finish"}}
[debug] [2025-07-07T08:43:53.609Z] Finishing up request with event=close {"metadata":{"emulator":{"name":"functions"},"function":{"name":"us-central1-getTodo"},"extension":{},"message":"Finishing up request with event=close"}}
[debug] [2025-07-07T08:43:53.609Z] [work-queue] {"queuedWork":[],"queueLength":0,"runningWork":[],"workRunningCount":0}
